\BOOKMARK [1][-]{section*.1}{Contents}{}% 1
\BOOKMARK [1][-]{section.1}{Module elev}{}% 2
\BOOKMARK [2][-]{subsection.1.1}{Variables}{section.1}% 3
\BOOKMARK [2][-]{subsection.1.2}{Class Elev}{section.1}% 4
\BOOKMARK [3][-]{subsubsection.1.2.1}{Methods}{subsection.1.2}% 5
\BOOKMARK [3][-]{subsubsection.1.2.2}{Properties}{subsection.1.2}% 6
\BOOKMARK [1][-]{section.2}{Module main}{}% 7
\BOOKMARK [2][-]{subsection.2.1}{Functions}{section.2}% 8
\BOOKMARK [2][-]{subsection.2.2}{Variables}{section.2}% 9
\BOOKMARK [1][-]{section.3}{Module master}{}% 10
\BOOKMARK [2][-]{subsection.3.1}{Class Master}{section.3}% 11
\BOOKMARK [3][-]{subsubsection.3.1.1}{Methods}{subsection.3.1}% 12
\BOOKMARK [3][-]{subsubsection.3.1.2}{Properties}{subsection.3.1}% 13
\BOOKMARK [1][-]{section.4}{Module network}{}% 14
\BOOKMARK [2][-]{subsection.4.1}{Functions}{section.4}% 15
\BOOKMARK [2][-]{subsection.4.2}{Variables}{section.4}% 16
\BOOKMARK [2][-]{subsection.4.3}{Class ThreadedTCPServer}{section.4}% 17
\BOOKMARK [3][-]{subsubsection.4.3.1}{Methods}{subsection.4.3}% 18
\BOOKMARK [3][-]{subsubsection.4.3.2}{Class Variables}{subsection.4.3}% 19
\BOOKMARK [2][-]{subsection.4.4}{Class ClientHandler}{section.4}% 20
\BOOKMARK [3][-]{subsubsection.4.4.1}{Methods}{subsection.4.4}% 21
\BOOKMARK [2][-]{subsection.4.5}{Class Client}{section.4}% 22
\BOOKMARK [3][-]{subsubsection.4.5.1}{Methods}{subsection.4.5}% 23
\BOOKMARK [2][-]{subsection.4.6}{Class Msg\137receiver}{section.4}% 24
\BOOKMARK [3][-]{subsubsection.4.6.1}{Methods}{subsection.4.6}% 25
\BOOKMARK [3][-]{subsubsection.4.6.2}{Properties}{subsection.4.6}% 26
\BOOKMARK [2][-]{subsection.4.7}{Class Msg\137parser}{section.4}% 27
\BOOKMARK [3][-]{subsubsection.4.7.1}{Methods}{subsection.4.7}% 28
\BOOKMARK [1][-]{section.5}{Module states}{}% 29
\BOOKMARK [2][-]{subsection.5.1}{Functions}{section.5}% 30
\BOOKMARK [2][-]{subsection.5.2}{Variables}{section.5}% 31
\BOOKMARK [1][-]{section*.2}{Index}{}% 32
